<?xml version="1.0" encoding="UTF-8"?>
<!-- Generated by org.testng.reporters.JUnitReportReporter -->
<testsuite hostname="LAPTOP-VOQUA57D" failures="0" tests="1" name="testCases.TC001_AccountRegistrationTest" time="3.391" errors="0" timestamp="2024-09-16T00:04:57 IST" skipped="0">
  <testcase classname="testCases.TC001_AccountRegistrationTest" name="verify_account_registration" time="3.391"/>
</testsuite> <!-- testCases.TC001_AccountRegistrationTest -->
