<?xml version="1.0" encoding="UTF-8"?>
<!-- Generated by org.testng.reporters.JUnitReportReporter -->
<testsuite hostname="LAPTOP-VOQUA57D" failures="0" tests="1" name="testCases.TC002_LoginTest" time="0.818" errors="0" timestamp="2024-09-16T00:04:57 IST" skipped="0">
  <testcase classname="testCases.TC002_LoginTest" name="verify_login" time="0.818"/>
</testsuite> <!-- testCases.TC002_LoginTest -->
